I, [2019-06-03T13:00:30.884117 #34674]  INFO -- default-ubuntu-1604: -----> Creating <default-ubuntu-1604>...
I, [2019-06-03T13:00:34.207520 #34674]  INFO -- default-ubuntu-1604: Bringing machine 'default' up with 'virtualbox' provider...
I, [2019-06-03T13:00:34.664887 #34674]  INFO -- default-ubuntu-1604: ==> default: Importing base box 'ubuntu/xenial64'...
I, [2019-06-03T13:00:42.726995 #34674]  INFO -- default-ubuntu-1604: [KProgress: 10%[KProgress: 90%[K==> default: Matching MAC address for NAT networking...
I, [2019-06-03T13:00:42.949270 #34674]  INFO -- default-ubuntu-1604: ==> default: Checking if box 'ubuntu/xenial64' version '20190530.3.0' is up to date...
I, [2019-06-03T13:00:44.002755 #34674]  INFO -- default-ubuntu-1604: ==> default: Setting the name of the VM: kitchen-Python_Cookbook-default-ubuntu-1604
I, [2019-06-03T13:00:44.812237 #34674]  INFO -- default-ubuntu-1604: ==> default: Fixed port collision for 22 => 2222. Now on port 2200.
I, [2019-06-03T13:00:44.894599 #34674]  INFO -- default-ubuntu-1604: ==> default: Clearing any previously set network interfaces...
I, [2019-06-03T13:00:44.980948 #34674]  INFO -- default-ubuntu-1604: ==> default: Preparing network interfaces based on configuration...
I, [2019-06-03T13:00:44.982268 #34674]  INFO -- default-ubuntu-1604:     default: Adapter 1: nat
I, [2019-06-03T13:00:45.089599 #34674]  INFO -- default-ubuntu-1604: ==> default: Forwarding ports...
I, [2019-06-03T13:00:45.246753 #34674]  INFO -- default-ubuntu-1604:     default: 22 (guest) => 2200 (host) (adapter 1)
I, [2019-06-03T13:00:45.521470 #34674]  INFO -- default-ubuntu-1604: ==> default: Running 'pre-boot' VM customizations...
I, [2019-06-03T13:00:45.721670 #34674]  INFO -- default-ubuntu-1604: ==> default: Booting VM...
I, [2019-06-03T13:00:46.162981 #34674]  INFO -- default-ubuntu-1604: ==> default: Waiting for machine to boot. This may take a few minutes...
I, [2019-06-03T13:00:47.015651 #34674]  INFO -- default-ubuntu-1604:     default: SSH address: 127.0.0.1:2200
I, [2019-06-03T13:00:47.016125 #34674]  INFO -- default-ubuntu-1604:     default: SSH username: vagrant
I, [2019-06-03T13:00:47.016484 #34674]  INFO -- default-ubuntu-1604:     default: SSH auth method: private key
I, [2019-06-03T13:01:12.931471 #34674]  INFO -- default-ubuntu-1604:     default: 
I, [2019-06-03T13:01:12.932738 #34674]  INFO -- default-ubuntu-1604:     default: Vagrant insecure key detected. Vagrant will automatically replace
I, [2019-06-03T13:01:12.932881 #34674]  INFO -- default-ubuntu-1604:     default: this with a newly generated keypair for better security.
I, [2019-06-03T13:01:14.147756 #34674]  INFO -- default-ubuntu-1604:     default: 
I, [2019-06-03T13:01:14.147869 #34674]  INFO -- default-ubuntu-1604:     default: Inserting generated public key within guest...
I, [2019-06-03T13:01:14.308538 #34674]  INFO -- default-ubuntu-1604:     default: Removing insecure key from the guest if it's present...
I, [2019-06-03T13:01:14.578800 #34674]  INFO -- default-ubuntu-1604:     default: Key inserted! Disconnecting and reconnecting using new SSH key...
I, [2019-06-03T13:01:16.275686 #34674]  INFO -- default-ubuntu-1604: ==> default: Machine booted and ready!
I, [2019-06-03T13:01:16.276597 #34674]  INFO -- default-ubuntu-1604: ==> default: Checking for guest additions in VM...
I, [2019-06-03T13:01:16.347176 #34674]  INFO -- default-ubuntu-1604:     default: The guest additions on this VM do not match the installed version of
I, [2019-06-03T13:01:16.347295 #34674]  INFO -- default-ubuntu-1604:     default: VirtualBox! In most cases this is fine, but in rare cases it can
I, [2019-06-03T13:01:16.347354 #34674]  INFO -- default-ubuntu-1604:     default: prevent things such as shared folders from working properly. If you see
I, [2019-06-03T13:01:16.347420 #34674]  INFO -- default-ubuntu-1604:     default: shared folder errors, please make sure the guest additions within the
I, [2019-06-03T13:01:16.347469 #34674]  INFO -- default-ubuntu-1604:     default: virtual machine match the version of VirtualBox you have installed on
I, [2019-06-03T13:01:16.347528 #34674]  INFO -- default-ubuntu-1604:     default: your host and reload your VM.
I, [2019-06-03T13:01:16.347627 #34674]  INFO -- default-ubuntu-1604:     default: 
I, [2019-06-03T13:01:16.347682 #34674]  INFO -- default-ubuntu-1604:     default: Guest Additions Version: 5.1.38
I, [2019-06-03T13:01:16.347739 #34674]  INFO -- default-ubuntu-1604:     default: VirtualBox Version: 6.0
I, [2019-06-03T13:01:16.348615 #34674]  INFO -- default-ubuntu-1604: ==> default: [vagrant-hostsupdater] Checking for host entries
I, [2019-06-03T13:01:16.349709 #34674]  INFO -- default-ubuntu-1604: ==> default: Setting hostname...
I, [2019-06-03T13:01:17.324870 #34674]  INFO -- default-ubuntu-1604: ==> default: Machine not provisioned because `--no-provision` is specified.
I, [2019-06-03T13:01:22.422934 #34674]  INFO -- default-ubuntu-1604: [SSH] Established
I, [2019-06-03T13:01:22.423967 #34674]  INFO -- default-ubuntu-1604: Vagrant instance <default-ubuntu-1604> created.
I, [2019-06-03T13:01:22.425833 #34674]  INFO -- default-ubuntu-1604: Finished creating <default-ubuntu-1604> (0m51.54s).
